<?xml version="1.0" encoding="UTF-8"?>
<coverage generated="1648532525774" clover="3.2.0">
  <project timestamp="1648532525774" name="All files">
    <metrics statements="29" coveredstatements="27" conditionals="8" coveredconditionals="6" methods="10" coveredmethods="10" elements="47" coveredelements="43" complexity="0" loc="29" ncloc="29" packages="1" files="1" classes="1"/>
    <file name="index.js" path="C:\coding\practice\js-tests\index.js">
      <metrics statements="29" coveredstatements="27" conditionals="8" coveredconditionals="6" methods="10" coveredmethods="10"/>
      <line num="3" count="1" type="stmt"/>
      <line num="4" count="1" type="stmt"/>
      <line num="7" count="1" type="stmt"/>
      <line num="8" count="1" type="stmt"/>
      <line num="11" count="1" type="stmt"/>
      <line num="12" count="1" type="stmt"/>
      <line num="15" count="1" type="stmt"/>
      <line num="16" count="1" type="stmt"/>
      <line num="17" count="1" type="stmt"/>
      <line num="18" count="1" type="stmt"/>
      <line num="19" count="1" type="stmt"/>
      <line num="22" count="1" type="stmt"/>
      <line num="23" count="1" type="stmt"/>
      <line num="24" count="1" type="stmt"/>
      <line num="25" count="1" type="stmt"/>
      <line num="26" count="5" type="stmt"/>
      <line num="27" count="5" type="cond" truecount="3" falsecount="1"/>
      <line num="28" count="0" type="stmt"/>
      <line num="29" count="5" type="cond" truecount="3" falsecount="1"/>
      <line num="30" count="5" type="stmt"/>
      <line num="32" count="0" type="stmt"/>
      <line num="35" count="1" type="stmt"/>
      <line num="38" count="1" type="stmt"/>
      <line num="39" count="1" type="stmt"/>
      <line num="40" count="4" type="stmt"/>
      <line num="41" count="1" type="stmt"/>
      <line num="42" count="1" type="stmt"/>
      <line num="43" count="1" type="stmt"/>
      <line num="44" count="1" type="stmt"/>
    </file>
  </project>
</coverage>
