{"C:\\coding\\practice\\js-tests\\index.js": {"path":"C:\\coding\\practice\\js-tests\\index.js","statementMap":{"0":{"start":{"line":3,"column":19},"end":{"line":5,"column":1}},"1":{"start":{"line":4,"column":1},"end":{"line":4,"column":14}},"2":{"start":{"line":7,"column":26},"end":{"line":9,"column":1}},"3":{"start":{"line":8,"column":1},"end":{"line":8,"column":51}},"4":{"start":{"line":11,"column":29},"end":{"line":13,"column":1}},"5":{"start":{"line":12,"column":1},"end":{"line":12,"column":41}},"6":{"start":{"line":15,"column":26},"end":{"line":20,"column":1}},"7":{"start":{"line":16,"column":16},"end":{"line":16,"column":21}},"8":{"start":{"line":17,"column":21},"end":{"line":17,"column":26}},"9":{"start":{"line":18,"column":21},"end":{"line":18,"column":26}},"10":{"start":{"line":19,"column":19},"end":{"line":19,"column":24}},"11":{"start":{"line":22,"column":28},"end":{"line":36,"column":1}},"12":{"start":{"line":23,"column":13},"end":{"line":23,"column":26}},"13":{"start":{"line":24,"column":19},"end":{"line":24,"column":21}},"14":{"start":{"line":25,"column":1},"end":{"line":34,"column":2}},"15":{"start":{"line":25,"column":14},"end":{"line":25,"column":15}},"16":{"start":{"line":26,"column":17},"end":{"line":26,"column":39}},"17":{"start":{"line":27,"column":2},"end":{"line":33,"column":3}},"18":{"start":{"line":28,"column":3},"end":{"line":28,"column":55}},"19":{"start":{"line":29,"column":9},"end":{"line":33,"column":3}},"20":{"start":{"line":30,"column":3},"end":{"line":30,"column":55}},"21":{"start":{"line":32,"column":3},"end":{"line":32,"column":30}},"22":{"start":{"line":35,"column":1},"end":{"line":35,"column":29}},"23":{"start":{"line":38,"column":28},"end":{"line":45,"column":1}},"24":{"start":{"line":39,"column":14},"end":{"line":39,"column":16}},"25":{"start":{"line":40,"column":1},"end":{"line":40,"column":63}},"26":{"start":{"line":40,"column":41},"end":{"line":40,"column":46}},"27":{"start":{"line":41,"column":1},"end":{"line":41,"column":33}},"28":{"start":{"line":42,"column":1},"end":{"line":42,"column":33}},"29":{"start":{"line":43,"column":1},"end":{"line":43,"column":30}},"30":{"start":{"line":44,"column":1},"end":{"line":44,"column":15}}},"fnMap":{"0":{"name":"(anonymous_0)","decl":{"start":{"line":3,"column":19},"end":{"line":3,"column":20}},"loc":{"start":{"line":3,"column":29},"end":{"line":5,"column":1}},"line":3},"1":{"name":"(anonymous_1)","decl":{"start":{"line":7,"column":26},"end":{"line":7,"column":27}},"loc":{"start":{"line":7,"column":35},"end":{"line":9,"column":1}},"line":7},"2":{"name":"(anonymous_2)","decl":{"start":{"line":11,"column":29},"end":{"line":11,"column":30}},"loc":{"start":{"line":11,"column":38},"end":{"line":13,"column":1}},"line":11},"3":{"name":"(anonymous_3)","decl":{"start":{"line":16,"column":6},"end":{"line":16,"column":7}},"loc":{"start":{"line":16,"column":16},"end":{"line":16,"column":21}},"line":16},"4":{"name":"(anonymous_4)","decl":{"start":{"line":17,"column":11},"end":{"line":17,"column":12}},"loc":{"start":{"line":17,"column":21},"end":{"line":17,"column":26}},"line":17},"5":{"name":"(anonymous_5)","decl":{"start":{"line":18,"column":11},"end":{"line":18,"column":12}},"loc":{"start":{"line":18,"column":21},"end":{"line":18,"column":26}},"line":18},"6":{"name":"(anonymous_6)","decl":{"start":{"line":19,"column":9},"end":{"line":19,"column":10}},"loc":{"start":{"line":19,"column":19},"end":{"line":19,"column":24}},"line":19},"7":{"name":"(anonymous_7)","decl":{"start":{"line":22,"column":28},"end":{"line":22,"column":29}},"loc":{"start":{"line":22,"column":37},"end":{"line":36,"column":1}},"line":22},"8":{"name":"(anonymous_8)","decl":{"start":{"line":38,"column":28},"end":{"line":38,"column":29}},"loc":{"start":{"line":38,"column":39},"end":{"line":45,"column":1}},"line":38},"9":{"name":"(anonymous_9)","decl":{"start":{"line":40,"column":31},"end":{"line":40,"column":32}},"loc":{"start":{"line":40,"column":41},"end":{"line":40,"column":46}},"line":40}},"branchMap":{"0":{"loc":{"start":{"line":27,"column":2},"end":{"line":33,"column":3}},"type":"if","locations":[{"start":{"line":27,"column":2},"end":{"line":33,"column":3}},{"start":{"line":29,"column":9},"end":{"line":33,"column":3}}],"line":27},"1":{"loc":{"start":{"line":27,"column":6},"end":{"line":27,"column":38}},"type":"binary-expr","locations":[{"start":{"line":27,"column":6},"end":{"line":27,"column":20}},{"start":{"line":27,"column":24},"end":{"line":27,"column":38}}],"line":27},"2":{"loc":{"start":{"line":29,"column":9},"end":{"line":33,"column":3}},"type":"if","locations":[{"start":{"line":29,"column":9},"end":{"line":33,"column":3}},{"start":{"line":31,"column":9},"end":{"line":33,"column":3}}],"line":29},"3":{"loc":{"start":{"line":29,"column":13},"end":{"line":29,"column":46}},"type":"binary-expr","locations":[{"start":{"line":29,"column":13},"end":{"line":29,"column":27}},{"start":{"line":29,"column":31},"end":{"line":29,"column":46}}],"line":29}},"s":{"0":1,"1":1,"2":1,"3":1,"4":1,"5":1,"6":1,"7":1,"8":1,"9":1,"10":1,"11":1,"12":1,"13":1,"14":1,"15":1,"16":5,"17":5,"18":0,"19":5,"20":5,"21":0,"22":1,"23":1,"24":1,"25":1,"26":4,"27":1,"28":1,"29":1,"30":1},"f":{"0":1,"1":1,"2":1,"3":1,"4":1,"5":1,"6":1,"7":1,"8":1,"9":4},"b":{"0":[0,5],"1":[5,5],"2":[5,0],"3":[5,5]},"_coverageSchema":"1a1c01bbd47fc00a2c39e90264f33305004495a9","hash":"58ee9667e3bf16ec17d74bec7b18b31e808a1237"}
}
